youtube RmfeJYl84Qs
youtube thpMb1A_fAs
youtube zu4E9Y1oJA0
youtube DFZnwvsXGJM
youtube II-hDnwUgT8
youtube 9mYSQaysXRg
youtube IgqSPoYRUCM
youtube A-1R-DbVdcM
youtube DSHTmHy3Jo0
youtube 0oeI9f2x_fo
youtube ojUNoetEX-c
youtube QAP7abAbwwM
youtube DSkNVh93tAs
youtube 4BmEQRvAHAY
youtube USJDERCABjk
youtube cw6xJG8E_w0
youtube _XNJ6Qwmh_c
youtube 6unib5T2mDQ
youtube S3agGJsxjpE
youtube dtMHDD0-oOo
youtube Ez6BCUlI6Rg
youtube 7mk9SW46Li4
youtube AAiUJhSKjzs
youtube wiSA3J9iJ7M
youtube KVJMKLc54O0
youtube gEInec4z65Q
youtube uoEWP94f6S4
youtube OgNsNmzW2po
youtube BYU-H4NvnmE
youtube 34aIGCnb4X4
youtube CVp5e4EWCqI
youtube 4vqj1DcXOfw
youtube EPg8Wx30-uM
youtube uDvkjXa1ALk
youtube sHlA-qihuNw
youtube LzsS8EXdsm8
youtube B0puRvUVwww
youtube H2rYnKmeZF0
youtube ES35PYeAwfs
youtube 92tD5qJR-yY
youtube 1v9iSCWnLsc
youtube 1uhw6KjgSME
youtube 1zvzpXqr-k8
youtube l0i2p9TelN0
youtube u3zYAJ2qeR4
youtube FkyLPVvPbcI
youtube scDLm48u2yc
youtube psIgGqkQhZI
youtube UNd6UwbL1rA
youtube VqIwZGJHgBg
youtube kf-DtqoOsRI
youtube 3DufLVcZyc4
youtube Eoyk3H0M6r8
youtube TItMbEioi7Y
youtube 7Kns2HGcuSg
youtube tYBQ5F7O3G0
youtube 0Nrjr0AGd3U
youtube hPv7iS8FsbA
youtube izC9ZBI0UHM
youtube AtZf9PJEttM
youtube oA4Y_K9E5Y4
youtube QMP_DFyktMg
youtube g2PetxEXQC4
