youtube 9gAEaRBEw9c
youtube 86tqZ33gn_4
youtube YzQ6o-FgxSY
youtube _F34L8wfrdo
youtube UpqLty1-X4Q
youtube _dccHK0JW5w
youtube ehfWyUHFFT8
youtube 4hBhiU5jj6s
youtube wWOBez9Cqhs
youtube RTwn3hP1XTg
youtube v0eaod_repg
youtube PVZrB26sBlQ
youtube hd23tCTRk8E
youtube SLlzXA0eyu0
youtube 0mnM_wO4eFY
youtube FDNQdBRktSA
youtube 2jcvyJLgYcg
youtube 3_cr6vOW3KQ
youtube UXx3AvorG-k
youtube QPTMemJ4ZUA
youtube lWBpNa-xSt4
youtube RKCDTQlz0uw
youtube 0WWra85DsCo
youtube UOFTiKXruFQ
youtube omE3zOiZAXs
youtube ilXpBujkWZE
youtube ekozTKngeAw
youtube LqPX20XSa_s
youtube CBIHO0ihIxQ
youtube U6riaxMuOkQ
youtube qczx7qWg4xM
youtube a1LGHXVTECI
youtube eSRzRCA5fBw
youtube ZvQCffRFhHQ
youtube fLzXxQMqR78
youtube wP8MaC-2D8A
youtube ckJgog8P_og
youtube -qekjKky5bE
youtube q_SHNe_Ce9A
youtube GEI5dpG5pxQ
youtube VPOAA3ZaA9s
youtube CZ5cQRm-haU
youtube JaRh-z6fLfQ
youtube BhOnKc0SxsA
youtube CHJwoQRxrKg
youtube H4AtVFOVtUw
youtube WpwjSQr8Qco
youtube 9ReRvRfbHec
youtube 4qHiw2wHWAI
youtube VN_buvQC69c
youtube m4ou0G-CCLc
youtube 7iN6WiB5Y1g
youtube tBVTzVQDQeQ
youtube awdE-N1bnLY
youtube DlVClI89yn4
youtube fiSrdUP3YXY
