youtube 5YR_NEMp7q8
youtube R76gAeSjpvY
youtube rtS690CPKnw
youtube ljViTcVjdfQ
youtube -5lQxVCbdE4
youtube k153X8Ak16Y
youtube bpOr4KKm5rM
youtube hPloRX7TWrY
youtube ISMaaXwwVaY
youtube s4LSBQ-QXsg
youtube FX9uTcjFpvI
youtube t7SqB6i2xzE
youtube 85SJzsll27U
youtube Bw7HgoV_h5w
youtube Ud7eGMNztx0
youtube Z4Oh9nH5ono
youtube _TMMVFTuyC4
youtube S9zJ1YFdUeA
youtube cDrTT4b-2gQ
youtube 4P-7lI_o_i8
youtube aqEBoxXXAv8
youtube uD28en8YzGU
youtube 9puv_nzxVK0
youtube ih5F70jcm6M
youtube J6rzwbWnGHs
youtube kwVDmIrifQI
youtube P-1cItg41rc
youtube s1w6IAdqm9I
youtube Xg0XR9r95cc
youtube JcqxaWI1vVs
youtube Cpz35BoAOMs
youtube SeClcq_45LE
youtube BZwjNagkRcU
youtube aLzyz4Ec5cU
youtube ENmSJbhbGeo
youtube GADSlIqGcmE
youtube 9HTrbETl_Pg
youtube EhNXj1YtvxA
youtube 9zIi8kqDI7g
youtube aYB4LJSFwEo
youtube VDMYe-qhZCs
youtube raLN43FYo3k
youtube XztHAndjmsw
youtube LzsYe6KJ3MA
youtube DU78MP5Jy8Y
youtube m6wiAVLkXa0
youtube CMtcKk1o3ac
youtube I9nK6TmzqGs
youtube FNcezVSAuJo
youtube r5DddiWrUbA
youtube 9W8u_1LE1ys
youtube 4WGG23ajaiA
youtube -03mEzKqrvA
youtube hWxH0fcqTig
youtube KhJ07oD7iXI
youtube Irmc2d9KCM4
youtube OpwDA0bUMw8
youtube kU1JcEjezIc
youtube PubYV9sbFQw
youtube ad2agh7IXH8
youtube sJ3HuN7woDc
youtube 718mYxplXJE
youtube bV-Zn0GHssM
youtube llE5K5hjwVg
youtube vTqwHtjW410
youtube aRNKuRIbJss
youtube ta-5dBjK0Us
youtube 6G5okIQ0uco
youtube IYpe_BZRPLw
