youtube LeJ8pCRYExE
youtube 5YR_NEMp7q8
youtube R76gAeSjpvY
youtube rtS690CPKnw
youtube ljViTcVjdfQ
youtube -5lQxVCbdE4
youtube k153X8Ak16Y
youtube bpOr4KKm5rM
youtube hPloRX7TWrY
youtube ISMaaXwwVaY
youtube s4LSBQ-QXsg
youtube FX9uTcjFpvI
youtube t7SqB6i2xzE
youtube 85SJzsll27U
youtube Bw7HgoV_h5w
youtube Ud7eGMNztx0
youtube Z4Oh9nH5ono
youtube _TMMVFTuyC4
youtube S9zJ1YFdUeA
youtube cDrTT4b-2gQ
youtube 4P-7lI_o_i8
youtube aqEBoxXXAv8
youtube uD28en8YzGU
youtube 9puv_nzxVK0
youtube ih5F70jcm6M
youtube J6rzwbWnGHs
youtube kwVDmIrifQI
youtube P-1cItg41rc
youtube s1w6IAdqm9I
youtube Xg0XR9r95cc
youtube JcqxaWI1vVs
youtube Cpz35BoAOMs
youtube SeClcq_45LE
youtube BZwjNagkRcU
youtube aLzyz4Ec5cU
youtube ENmSJbhbGeo
youtube GADSlIqGcmE
youtube 9HTrbETl_Pg
youtube EhNXj1YtvxA
youtube 9zIi8kqDI7g
youtube aYB4LJSFwEo
youtube VDMYe-qhZCs
youtube raLN43FYo3k
youtube XztHAndjmsw
youtube LzsYe6KJ3MA
youtube DU78MP5Jy8Y
youtube m6wiAVLkXa0
youtube CMtcKk1o3ac
youtube I9nK6TmzqGs
youtube FNcezVSAuJo
youtube r5DddiWrUbA
youtube 9W8u_1LE1ys
youtube 4WGG23ajaiA
youtube -03mEzKqrvA
youtube hWxH0fcqTig
youtube KhJ07oD7iXI
youtube Irmc2d9KCM4
youtube OpwDA0bUMw8
youtube kU1JcEjezIc
youtube PubYV9sbFQw
youtube ad2agh7IXH8
youtube sJ3HuN7woDc
youtube 718mYxplXJE
youtube bV-Zn0GHssM
youtube llE5K5hjwVg
youtube vTqwHtjW410
youtube aRNKuRIbJss
youtube ta-5dBjK0Us
youtube 6G5okIQ0uco
youtube IYpe_BZRPLw
youtube k9XX6Fhm_Ok
youtube fUSnylLtzig
youtube USvB-AVhfzs
youtube 7F0g3YpRrY4
youtube DrK0WdodRGk
youtube jxaTsoSRXZE
youtube VtfJyysUI7A
youtube 75cEjgxTR3U
youtube Mw_HxfX8iBA
youtube qSlLE4EKtmo
youtube MIG5FWLHOL4
youtube uIx0P0TssZ0
youtube VIH4Yy0R6rA
youtube sYus7Bx3yVU
youtube hHuqc4TgoOs
youtube 0r8_s6hR3Ss
youtube GHVIyfsZBe4
youtube aMuIwP-mVUo
youtube XPrymLbp3Ag
youtube 5JBJNKbY9yQ
youtube Nbk8XzjpaWo
youtube 7iRO7Hwg9V0
youtube itJfiHO6aN4
youtube 1xBZl0vBOXc
youtube ffGjZ9X7F6c
youtube ONVq1blGRxc
youtube flW06osaXpk
youtube LLjoLK_EV7Q
youtube 1LsfPudneuU
youtube RQYV60lqU8Y
youtube aMllStNDBWg
youtube pirEFwdN51o
youtube HkoeYti1d7o
youtube wRkD61deu10
youtube DO3Gu57IJks
youtube W5mOafWo-28
youtube aftDSspdbgs
youtube WrJxQz0M2lI
youtube ZzXvhYpV1DU
youtube inrurhuL1zI
youtube N9FPJIyvcBo
youtube qMvplHi4OW0
youtube sVop6qaVft4
youtube rb3Oo0X8OKk
youtube gpqxNnbIgZA
youtube jgI_hjsKsog
youtube lzRvSWPZQYk
youtube BuVBeJ6maAk
youtube X-XDp1MW5WM
youtube myhlWJ6DQpw
youtube bxhxzNTGclQ
youtube Ik7PQ2X1o3M
youtube 9amZ-BTYt4E
youtube qCiMVOddDyE
youtube BdxXfy95TDk
youtube 9MYcEQEHi9M
youtube IBprDpCEn_k
youtube EMyp_PMItXg
youtube UKrdhEHivO4
youtube wG6NEzM5CEQ
youtube dLsLxcMVZFM
youtube WWj6hkbXHGY
youtube 5Q1WS6Cu3eI
youtube tc3lmNCXgPM
youtube rnZwsOHyExU
youtube v8ZKFPKtrII
youtube mYPtjJN11zU
youtube 1NgQgJwnoh8
youtube idvxszNeeqo
youtube pO7VZUvkCqs
youtube 7gjhR5zK148
youtube FPOVseXjEEo
youtube 89RG5lHTyOU
youtube -FV3e3CUHrw
youtube obdv6lHnU0Y
youtube sIpG7JCrHMU
youtube kbiXssvv3aE
youtube BZWJk4SDpZk
youtube EyxGTW1j85I
youtube 3apXO7UyKhw
youtube O9tRuIz2Ifo
youtube Wfuq0kVjWBQ
youtube Hqx7Ev9NDJY
youtube XTJKpU0lhls
youtube 0L3BIlI_bRs
youtube v1BTnT7Ocig
youtube klKv15Z-OMM
youtube FkXnDYvqkAQ
youtube jjsb0qCeXNI
youtube pOxKggnrgUw
youtube gwFMxfekvbw
youtube A4D1H45AyuA
youtube dCGrHEAqPC0
youtube 8dabTOIf3Ek
youtube WE0RhuyG9gQ
youtube _tDHW_Ej7x4
youtube 0oy2T-hROhU
youtube rkdgBI1aR20
youtube P0QBVwi9KZQ
youtube U4CmYfakHkQ
youtube 3Wax146ybgU
youtube tx6kM1WjSQM
youtube bVusa5RTBoU
youtube 6i0O3u5g1rM
youtube HtcOpYWN_6I
youtube qCEL6NXkIv4
youtube _WFtfeq-7y8
youtube uDNhX_fP3vM
youtube AbfLCN8cTws
youtube CsBQFChCsuM
youtube EXtTomCLjsg
youtube q1_bxi16osQ
youtube kA9T4DfQ0j8
youtube zKLlsA2kSqY
youtube T34CwsFmXpI
youtube VDtpN1aETDk
youtube APPodZ7sl1w
youtube m0uzqiwh7Tw
youtube pO_KgN9SRK4
youtube KoWlht2iA7o
youtube 3_SAz8OxeIA
youtube 9xo1BWPOGk0
youtube AvdFC5Q0nKk
