youtube _qxdftwrX3E
youtube Ft8nruhWCas
youtube EaGUC4av1R4
youtube 7IDbqdIw3WU
youtube lqd6IbUJ7tg
youtube YsNRNKvd1GI
youtube dCelQ8Zj_cg
youtube 1VWJ0uCQx8w
youtube 9-v4qnOO8wY
youtube pLf3kUONewg
youtube ZPlsR7_WiZQ
youtube LE4YenwmeXM
youtube WL3zEWJJNuw
youtube Jvh8SP2QKXQ
youtube 0DFmS6MPbFI
youtube Yq2A_o9-ulM
youtube rw0uXf5UJvo
youtube P3xjW0A57Wk
youtube DA2iJsu3GRY
youtube z2hvUDtBxho
youtube dnQ1pNbIUjw
youtube vFVnhksrFao
youtube Cy5SCQV0HAY
youtube _tbKuJR0cPs
youtube sn5TWBFd0XM
youtube IhG-WJH9om8
youtube HcK4M7-02ik
youtube QkYHaJKohVQ
youtube qYIpgkMUMKc
youtube PEHkKfmmDiI
youtube 0ARYt4sYT90
youtube xc85sLj0Cnk
youtube q_Scyr2czh8
youtube dZStbEe4Gkk
youtube f4TOWLYRnGs
youtube OxctiPr0l-8
youtube gxbuajGKbko
youtube SIK2YFSmf9U
youtube RvzvcACkYqk
youtube gd9sO7c3N1s
youtube M1JTdUxOEMU
youtube j8uk7BnbXwU
youtube Y0HW8LQKvJw
youtube ePZDkqLM_gw
youtube dVJuITJyNTU
youtube ZVGnSVfed9s
youtube blDNqVFheAw
youtube _YjwRApoJhA
youtube v7DXXu_1fvM
youtube qrrwqdpCjpQ
youtube huAvyInzz3Q
youtube nX8uAFDzDYM
youtube xid8CZf4oYo
youtube 19Z_AAEy8Bc
youtube ewnAgd7fTQw
youtube GlcOoINI7EQ
youtube uEe_HLUay5M
youtube 3Wujyx0rBxE
youtube ZzIqIydZTlA
youtube YhdsufCUC2w
youtube vJszsJQpINQ
youtube GYUuTbOvyak
youtube HBS24NwhrE8
youtube 2wZydttn4Cs
youtube sEZ13v1LNYQ
youtube clPuV7ezrIc
youtube fnZx8EGnszw
youtube LYRPxtP61JM
youtube DoJa8jcrlUA
youtube kFLMkvJAaUY
youtube DAjcCk9xYWk
youtube FtGJHhqXcDI
youtube TbQVjQPExYo
youtube cuUF4MByxyo
youtube PzyvXmDKFUc
youtube 7kH_AfT3i4k
youtube KtdIMNoHqA8
youtube 5bB7GAUM63Y
youtube LP8NGDCe-GY
youtube S6qB5B1PdyA
youtube f2KA97T4u08
youtube UsPoPUByjYw
youtube jhgZrwtYE2g
youtube XjQiZqpmQlE
youtube B2ZbaaYx0MI
youtube jD1dWxNLvfE
youtube MTDY6qT11Dc
youtube Z9T9wi0vEvc
youtube AymMybE33zU
youtube 8UIBWyUt38g
youtube RN3JIDtPayY
youtube 1y2UuU-me_s
youtube WhIFnYej0fY
youtube Somq2MoRi5Q
youtube MN97R6cxQVw
youtube 2RKchFW42Jc
youtube Q6dAX6HCjgw
youtube _KJ60im4KAc
youtube pOeChe_D1Ag
youtube 1HMW9rGtJHI
youtube 5vKSjpvVQa8
youtube 4Jvy4q40tuo
youtube DiyIPBKiVW4
youtube 1Jt2fUBDusk
youtube Jq-e-fZxXOs
youtube GQuKQqbXqSM
youtube 4PlieAEthSg
youtube FvtBph3rNF8
youtube D8GU8ZpSgY8
youtube QFtS8fl553Y
youtube Uly2cT2vc28
youtube sCwgvHg86Oc
youtube OrHtPVBjXw4
youtube hQJ3r-DCoMQ
youtube h4kHC9H4bnA
youtube AQskFhmTHZs
youtube m7MbV-eCLyE
youtube -JPLLJyOid8
youtube qtdetc5-MQo
youtube 41eKVp8JIhU
youtube oLC49nCf0ZM
youtube nVIswnZYFkU
youtube 4xxgPX-aR90
youtube bI6TTA-fn7c
youtube 95clNVd0hYg
youtube YeNWDtN_sHE
youtube 7jMfH9xAOpI
youtube afuqjWl1JyI
youtube ak6OuOUkRrQ
youtube dnz_Ycd_q7s
youtube Gg-FaeohAFI
youtube hhii2_BVE7A
youtube ZhzjZixCcK8
youtube dgzF_KBSQWM
youtube dablAKDOOV0
youtube mNqqLDpUuZY
youtube 8a0vgC9PuNg
youtube HSvgRyGiOpE
youtube tdTs-4Irv8c
youtube sOU54d8mr5k
youtube 5Y6nHw5xx88
youtube L0j9iDuHQVA
youtube zWNzlSxrj6s
youtube T1XSJIm0Nh4
youtube zT6pRGYLWhw
youtube BrQQHqbQG0Y
youtube SQtCQX5O1PE
youtube GIUTQhcmR5s
youtube fMVGuHjJp9U
youtube mmI2oN9zolQ
youtube RKvFJMkZdBE
youtube 7lpjI8F2Apk
youtube FZnLnvqkSsY
youtube lyYsTon_NSc
youtube e6S5CTX7kkE
youtube Dt7mb4yyuWM
youtube rJfTIHOyyTw
youtube yPok3MemDmE
youtube tbmssCZ05ro
youtube W9gdKha0PLg
youtube GI4aaHX9Izo
youtube Pe40SqDrpZ0
youtube 44dXy0StjIQ
youtube DKdF8NgF5Bw
youtube wYD_dIvYY5o
youtube L09R2evjyMc
youtube 8q2bRZyHnHE
youtube OCkov6FTliE
youtube hswtuenFwvM
youtube oPgeSCy93bo
youtube _1NNvxgx8uA
youtube B2g4QSREzpw
youtube V7WjNR1ujhk
youtube 08i9lVd6T8c
youtube 5Dhh5_PDhd0
youtube sdPeii-8Ysw
youtube CVPPymc_qrk
youtube c8CD_FcWcg8
youtube 1KF5MwJVYng
youtube ZbHRIh3RUoo
youtube ZleIqEpaNio
youtube dJiSZ4X0F2g
youtube 2IDbX5rNT1E
youtube 23OgreyK66o
youtube u5NLt6mkmrk
youtube uzIMWVbi-GM
youtube 11UsTJQyQds
youtube iGav9uJwA_w
youtube bferkEWvJg0
youtube Pgchw2h87aw
youtube J_VEOIwavtg
youtube hbNJQ6OYmd0
youtube 6PGgNCaW4xo
youtube CPxy_KOv87o
youtube TESrEzVHLCc
youtube mTbagQE7akQ
youtube oRR7N-YUcRE
youtube -CT7yYXonIk
youtube MK7L0eCpDHc
youtube HZzP0qswdwM
youtube DSvoppf1dGY
youtube cYwk-B3qwwk
youtube xdn31jMOOA4
youtube gdWLtMy4TBU
youtube OiqdZfxdBP0
youtube zZM9ajwYr9E
youtube Yl2poVWguu0
youtube zB5zxycrbnY
youtube XjTWcy8RHEs
youtube vv6o2a-EUGU
youtube 9uTORLOm5Yg
youtube hFo4S32xH3U
youtube iL9KpQFqH4o
youtube 9GHpC0kCgHY
youtube gP3oQeYEvso
youtube gKrAXMG8sTc
youtube h6snk0m4200
youtube wYuNolSDLFM
youtube hjProJd_JrM
youtube VYi3r0G-ne4
youtube uqe6D9ZDIw0
youtube 0xd0Hf5REg4
youtube iVdTCqpd798
youtube 6oUkMOkEr9U
youtube dMsEj62KFEw
youtube M3nUQtja0qc
youtube 3zbKOwkpkAM
youtube R1wdsGt07Gg
youtube 0qigzi1j81U
youtube P45lJTdneoI
youtube l0F22NTnQzQ
youtube GmYlTwI_TQQ
youtube dD-VEcFpIFA
youtube Nr-3Y3UWQcI
youtube pyoCg3jDzmA
youtube ocMHRLQMQY0
youtube sfie4YYncxk
youtube GT_u0eFDlk8
youtube DYtsWfguqGo
youtube cZlLH9J_lJw
youtube zM3gu_nbw-k
youtube zUr9sjWgUcw
youtube fQCOj3_zy54
youtube d9HNqb9gJSU
youtube E6cXyaHALBQ
youtube jZeMmPekKMQ
youtube 0X7TQMGgqbY
youtube dY7uB_QQWBc
youtube vKRKu7O_5HA
youtube vev8lzfW6Xo
youtube 4m2Kx3ffJUQ
youtube -N6IM5Nm5iw
youtube oGscVtrdER0
youtube jEfofyobGiI
youtube JdSUHkXM1mQ
youtube Sc9HApnyBLM
youtube MQ7PDi-D9Ig
youtube 7rXwaxlEkbQ
youtube zIkjd1OjCXM
youtube VnXBJqKwkrw
youtube 6SdPPsmpgJg
youtube K0pgJ7XAlpo
youtube fhq9WVeiE_U
youtube OuFvfZJKcpc
youtube vWvYe1a-2Aw
youtube Rf1tFWQg51Y
youtube VR5Fncdc2kQ
youtube L03Yk1SHRNM
youtube Vs1YyXgLpTE
youtube cjWxC2jQVrA
youtube _b3KRS-Yx_s
youtube g-tBn8dsSqw
youtube __7iEl3lH8g
youtube kbFfT0pKchI
youtube 7_ZmZxnSOnE
youtube rEawe_1Fqf0
youtube TsiYLGGSJ2U
youtube IIJySSo276k
youtube EyagC0T7mR4
youtube G9H9q7BYqEA
youtube QwLvq9j5_hQ
youtube CyTI00SIrLE
youtube LgJ7ww2AgF4
youtube mAlc-N2wn5s
youtube NMwMwqMQpf4
youtube zNIVqKqAlnk
youtube XaLsZFLrMnI
youtube 0FYq5MBdHw4
youtube zSFhhEaiYwE
youtube 5PJRCC6EwUY
youtube bYsV3ozbk4M
youtube 8lQv8eMJ868
youtube -JWO_jYXwEM
youtube PdCAjFW04Oc
youtube KaIp6KVn-co
youtube pwebM3TfSdg
youtube QBCEmZ4Jheo
youtube fS8V3kYXT6w
youtube eqTFinLk3oU
youtube OcylgiXkDP8
youtube YFv6Ln00XjA
youtube nYPGQiDL5bw
youtube HoBx6s3JmVQ
youtube 8BZMo41DjlY
youtube tlks18ND8i8
youtube cbSmBrhNACg
youtube pmKjZzypzvg
youtube vV1APhjBt9M
youtube SOAL0GODN3M
youtube PzA78zWtqCU
youtube d_uDHds2XGQ
youtube KMx4bmq8o2Y
youtube NyKvAhO7MHE
youtube _AHT-w0Dyzg
youtube pE7TaWSUa-o
youtube tZV1lz-obQE
youtube rrkmfJQBpHQ
youtube lzwQggT0qR0
youtube CkSIErb0hxY
youtube 6O5TCTO-go4
youtube Epz5Sn151bk
youtube itK5fEqnA5E
youtube zUQ2vZzmRiI
youtube DgN0vBIugLc
youtube hstJ8M2laho
youtube Z7glrAoXtkA
youtube evlGhfUe6QQ
youtube mhQ36Y-c9fM
youtube NbtZ_nfxb3I
youtube QkSKxm_U9Yc
youtube seLx5Ud4v7Y
youtube QIA7V4PxCdM
youtube z9QChV543aQ
youtube iyGUXdDqIlI
youtube JvOEAzmC6l0
youtube NAroxFbYkRw
youtube _Pi7JLwAeOI
youtube -7KiHetQxMQ
youtube hmnMG6f80Sg
youtube 9CNNsqXiL6U
youtube UpWz3X33vSY
youtube v_am7ifh7Pk
youtube WX2GlpMNg_8
youtube gkLMwrthZ9s
youtube ddNMnL7uId8
youtube BvhjsTUIS2o
youtube mG1TQuhcf1o
youtube mjQBaX_3oL4
youtube zBd13KtYlAA
youtube y7kmkWJ54ww
youtube B0CZ1deEgic
youtube YvcnHKI4oIw
youtube PmwfC4HR3_I
youtube 72Lei7uug8c
youtube rfObVld9rIE
youtube trMzjWWmbZo
youtube EE8U4yyKtd0
youtube 0fQQubt9UTI
youtube puFgo2ft7hQ
youtube 6L4xKBFEYkE
youtube Qss5kC2FUx0
youtube 9cAeeExXKwU
youtube M11CC71FSWE
youtube PHLwjD-L724
youtube _AY5lS-FmlU
youtube 8ynrwaUi-sA
youtube vEHdoUlGurY
youtube GES0Ms_kaCI
youtube VlIErdSSVOM
youtube 2EerEOuP52I
youtube w-rihv544I8
youtube Z8BTWo66SDI
youtube k9ok8M31-38
youtube 0hnBC0y59QA
youtube CgDCaUxbQDU
youtube DJGFUlQTUhQ
youtube yR3xc3ra5tE
youtube P1RyOchn7pk
youtube _usPcmVjpZ8
youtube vzyMSSlD7Yg
youtube RWbKqqW78yg
youtube NQgn0_mUh74
youtube 8sAxFvktx-A
youtube BHkJFA0LMro
youtube MmXDbXI6Sqk
youtube AcADOuQUiAQ
youtube qC0Ee4-dpnI
youtube 5kPmqmbFfkY
youtube T6cS9zhhvK0
youtube nEPT8ZVZ0so
youtube ZcYKZ5ovoy4
youtube cS8k3PYU_Eo
youtube WIFxAaReLn0
youtube --g0gugy3ZE
youtube -s0gwXY_CZQ
youtube Q3zkJX8S4Xc
youtube XM1RvL7Kdts
youtube h7clPGwBgzw
youtube _yslM5oanRo
youtube 3oF7iPRONnQ
youtube 7dXtgTkdv9w
youtube raRCZ0Y5up8
youtube hBQE4t72i3o
youtube I291j5WBc4k
youtube kKNn01M8GG4
youtube 9HNct_aK9Rk
youtube WSe0wdljSGA
youtube ua93Ui1u6UI
youtube pAOFzQZPjSM
youtube 24NeCYqlVco
youtube KyvYpggZXiU
youtube BbdnSjm0Wb4
youtube 7Zniri9uSlc
youtube GO0K_N7Ys7I
youtube lGNrJgwQjgg
youtube vt6DVj7S6nk
youtube JUvDp3_RBH0
youtube sKHdTSfDd6E
youtube t-G22K0vLnM
youtube CTZ4FfDVFfE
youtube P0pOgz3ZobE
youtube 22SSwvfRMVg
youtube vLZla5h4xKQ
youtube U40hOYy_94E
youtube yuA9Xor8vfw
youtube sKWgbxk46eM
youtube N-3eddy4J7g
youtube ayPJfDAF_to
youtube QEkGSpxeuMk
youtube I9_3EbwKPnU
youtube cM3-tINKdvo
youtube CgReNKciFJo
youtube gsSTJWN6cUo
youtube 1KyNY3zv6uc
youtube QB3nyFH_tRU
youtube Dm5N6yDRxXQ
youtube mbic-70ZhpE
youtube BHN6db7m3DM
youtube -f9jhqAHkQo
youtube 0D4wGWI-_z8
youtube QfiRRtsZoYU
youtube 7v1REnqKuXE
youtube Yqo-YDJR0nM
youtube VxWp7HrT8oE
youtube t2uXHP9cBdM
youtube PNiL63fY1Y8
youtube Xo5DRSW95QQ
youtube _lSbUUfBNNI
youtube 6cbL0zLQeIs
youtube 6xygY-npCr4
youtube Q4dEV1yn3OY
youtube nyfdGYWelic
youtube sCtQqVBtCaI
youtube VOv5mT1dJd8
youtube dDcD8kg0wEk
youtube 7jfQaUV6Bq4
youtube r4QJMx1LES8
youtube sPj3uxmz8H4
youtube 3eGBnwPWRGo
youtube 7JP2tjJibTQ
youtube U2kYleeMnl8
youtube amHre9ZZFkU
youtube 0QtMI00T5jw
youtube 5bQz8R0gbXc
youtube PqOJ3YiFgYE
youtube 5q5EnZj1FwE
youtube tFBSrKMEZxI
youtube Eo32mAZd8DI
youtube IxJ0X9ytGgI
youtube r8AazBVoS7g
youtube VMPLplhDk8I
youtube 2FyAZGUI_mk
youtube sPCrATqBdeA
youtube ir2FfLQJNtY
youtube Q_c-m_NDznw
youtube WfTq9d2YadY
youtube TDwagoyMvck
youtube r6vVw66-gmI
youtube aSk1XQHNkd8
youtube qQm7u3W13eM
youtube zIlCaKCvylI
youtube cUqdY_T7luM
youtube NCQ1ERgSfeE
youtube N5kSZOl-5UY
youtube Um_KEEcCeT4
youtube oMBmdfrA47Q
youtube PnLdgohA5gY
youtube A89ipsMeMAg
youtube KF_adyXf86Q
youtube JJGJXOoT2PI
youtube sP75_gbZzIU
youtube 4cZfegexwwk
youtube ooNAHswiT5Q
youtube UH3n1oQSOc0
youtube YcdidjWaIqE
youtube Mh-qg1izM98
youtube oljjY7jO-kM
youtube i5lR8zz7_ZE
youtube 9_BTe15NooI
youtube l1jPP1FhGo8
youtube lip0bZX7hBE
youtube YaYaFW2q6qI
youtube sQrbNUDZuOQ
youtube Q-QP7ePxkQE
youtube _tkLRJiOBu0
youtube eljIIqCu5gU
