youtube _qxdftwrX3E
youtube Ft8nruhWCas
youtube EaGUC4av1R4
youtube 7IDbqdIw3WU
youtube lqd6IbUJ7tg
youtube YsNRNKvd1GI
youtube dCelQ8Zj_cg
youtube 1VWJ0uCQx8w
youtube 9-v4qnOO8wY
youtube pLf3kUONewg
youtube ZPlsR7_WiZQ
youtube LE4YenwmeXM
youtube WL3zEWJJNuw
youtube Jvh8SP2QKXQ
youtube 0DFmS6MPbFI
youtube Yq2A_o9-ulM
youtube rw0uXf5UJvo
youtube P3xjW0A57Wk
youtube DA2iJsu3GRY
youtube z2hvUDtBxho
youtube dnQ1pNbIUjw
youtube vFVnhksrFao
youtube Cy5SCQV0HAY
youtube _tbKuJR0cPs
youtube sn5TWBFd0XM
youtube IhG-WJH9om8
youtube HcK4M7-02ik
youtube QkYHaJKohVQ
youtube qYIpgkMUMKc
youtube PEHkKfmmDiI
youtube 0ARYt4sYT90
youtube xc85sLj0Cnk
youtube q_Scyr2czh8
youtube dZStbEe4Gkk
youtube f4TOWLYRnGs
youtube OxctiPr0l-8
youtube gxbuajGKbko
youtube SIK2YFSmf9U
youtube RvzvcACkYqk
youtube gd9sO7c3N1s
youtube M1JTdUxOEMU
youtube j8uk7BnbXwU
youtube Y0HW8LQKvJw
youtube ePZDkqLM_gw
youtube dVJuITJyNTU
youtube ZVGnSVfed9s
youtube blDNqVFheAw
youtube _YjwRApoJhA
youtube v7DXXu_1fvM
youtube qrrwqdpCjpQ
youtube huAvyInzz3Q
youtube nX8uAFDzDYM
youtube xid8CZf4oYo
youtube 19Z_AAEy8Bc
youtube ewnAgd7fTQw
youtube GlcOoINI7EQ
youtube uEe_HLUay5M
youtube 3Wujyx0rBxE
youtube ZzIqIydZTlA
youtube YhdsufCUC2w
youtube vJszsJQpINQ
youtube GYUuTbOvyak
youtube HBS24NwhrE8
youtube 2wZydttn4Cs
youtube sEZ13v1LNYQ
youtube clPuV7ezrIc
youtube fnZx8EGnszw
youtube LYRPxtP61JM
youtube DoJa8jcrlUA
youtube kFLMkvJAaUY
youtube DAjcCk9xYWk
youtube FtGJHhqXcDI
youtube TbQVjQPExYo
youtube cuUF4MByxyo
youtube PzyvXmDKFUc
youtube 7kH_AfT3i4k
youtube KtdIMNoHqA8
youtube 5bB7GAUM63Y
youtube LP8NGDCe-GY
youtube S6qB5B1PdyA
youtube f2KA97T4u08
youtube UsPoPUByjYw
youtube jhgZrwtYE2g
youtube XjQiZqpmQlE
youtube B2ZbaaYx0MI
youtube jD1dWxNLvfE
youtube MTDY6qT11Dc
youtube Z9T9wi0vEvc
youtube AymMybE33zU
youtube 8UIBWyUt38g
youtube RN3JIDtPayY
youtube 1y2UuU-me_s
youtube WhIFnYej0fY
youtube Somq2MoRi5Q
youtube MN97R6cxQVw
youtube 2RKchFW42Jc
youtube Q6dAX6HCjgw
youtube _KJ60im4KAc
youtube pOeChe_D1Ag
youtube 1HMW9rGtJHI
youtube 5vKSjpvVQa8
youtube 4Jvy4q40tuo
youtube DiyIPBKiVW4
youtube 1Jt2fUBDusk
youtube Jq-e-fZxXOs
youtube GQuKQqbXqSM
youtube 4PlieAEthSg
youtube FvtBph3rNF8
youtube D8GU8ZpSgY8
youtube QFtS8fl553Y
youtube Uly2cT2vc28
youtube sCwgvHg86Oc
youtube OrHtPVBjXw4
youtube hQJ3r-DCoMQ
youtube h4kHC9H4bnA
youtube AQskFhmTHZs
youtube m7MbV-eCLyE
youtube -JPLLJyOid8
youtube qtdetc5-MQo
youtube 41eKVp8JIhU
youtube oLC49nCf0ZM
youtube nVIswnZYFkU
youtube 4xxgPX-aR90
youtube bI6TTA-fn7c
youtube 95clNVd0hYg
youtube YeNWDtN_sHE
youtube 7jMfH9xAOpI
youtube afuqjWl1JyI
youtube ak6OuOUkRrQ
youtube dnz_Ycd_q7s
youtube Gg-FaeohAFI
youtube hhii2_BVE7A
youtube ZhzjZixCcK8
youtube dgzF_KBSQWM
youtube dablAKDOOV0
youtube mNqqLDpUuZY
youtube 8a0vgC9PuNg
youtube HSvgRyGiOpE
youtube tdTs-4Irv8c
youtube sOU54d8mr5k
youtube 5Y6nHw5xx88
youtube L0j9iDuHQVA
youtube zWNzlSxrj6s
youtube T1XSJIm0Nh4
youtube zT6pRGYLWhw
youtube BrQQHqbQG0Y
youtube SQtCQX5O1PE
youtube GIUTQhcmR5s
youtube fMVGuHjJp9U
youtube mmI2oN9zolQ
youtube RKvFJMkZdBE
youtube 7lpjI8F2Apk
youtube FZnLnvqkSsY
youtube lyYsTon_NSc
youtube e6S5CTX7kkE
youtube Dt7mb4yyuWM
youtube rJfTIHOyyTw
youtube yPok3MemDmE
youtube tbmssCZ05ro
youtube W9gdKha0PLg
youtube GI4aaHX9Izo
youtube Pe40SqDrpZ0
youtube 44dXy0StjIQ
youtube DKdF8NgF5Bw
youtube wYD_dIvYY5o
youtube L09R2evjyMc
youtube 8q2bRZyHnHE
youtube OCkov6FTliE
youtube hswtuenFwvM
youtube oPgeSCy93bo
youtube _1NNvxgx8uA
youtube B2g4QSREzpw
youtube V7WjNR1ujhk
youtube 08i9lVd6T8c
youtube 5Dhh5_PDhd0
youtube sdPeii-8Ysw
youtube CVPPymc_qrk
youtube c8CD_FcWcg8
youtube 1KF5MwJVYng
youtube ZbHRIh3RUoo
youtube ZleIqEpaNio
youtube dJiSZ4X0F2g
youtube 2IDbX5rNT1E
youtube 23OgreyK66o
youtube u5NLt6mkmrk
youtube uzIMWVbi-GM
youtube 11UsTJQyQds
youtube iGav9uJwA_w
youtube bferkEWvJg0
youtube Pgchw2h87aw
youtube J_VEOIwavtg
youtube hbNJQ6OYmd0
youtube 6PGgNCaW4xo
youtube CPxy_KOv87o
youtube TESrEzVHLCc
youtube mTbagQE7akQ
youtube oRR7N-YUcRE
youtube -CT7yYXonIk
youtube MK7L0eCpDHc
youtube HZzP0qswdwM
youtube DSvoppf1dGY
youtube cYwk-B3qwwk
youtube xdn31jMOOA4
youtube gdWLtMy4TBU
youtube OiqdZfxdBP0
youtube zZM9ajwYr9E
youtube Yl2poVWguu0
youtube zB5zxycrbnY
youtube XjTWcy8RHEs
youtube vv6o2a-EUGU
youtube 9uTORLOm5Yg
youtube hFo4S32xH3U
youtube iL9KpQFqH4o
youtube 9GHpC0kCgHY
youtube gP3oQeYEvso
youtube gKrAXMG8sTc
youtube h6snk0m4200
youtube wYuNolSDLFM
youtube hjProJd_JrM
youtube VYi3r0G-ne4
youtube uqe6D9ZDIw0
youtube 0xd0Hf5REg4
youtube iVdTCqpd798
youtube 6oUkMOkEr9U
youtube dMsEj62KFEw
youtube M3nUQtja0qc
youtube 3zbKOwkpkAM
youtube R1wdsGt07Gg
youtube 0qigzi1j81U
youtube P45lJTdneoI
youtube l0F22NTnQzQ
youtube GmYlTwI_TQQ
youtube dD-VEcFpIFA
youtube Nr-3Y3UWQcI
youtube pyoCg3jDzmA
youtube ocMHRLQMQY0
youtube sfie4YYncxk
youtube GT_u0eFDlk8
youtube DYtsWfguqGo
youtube cZlLH9J_lJw
youtube zM3gu_nbw-k
youtube zUr9sjWgUcw
youtube fQCOj3_zy54
youtube d9HNqb9gJSU
youtube E6cXyaHALBQ
youtube jZeMmPekKMQ
youtube 0X7TQMGgqbY
youtube dY7uB_QQWBc
youtube vKRKu7O_5HA
youtube vev8lzfW6Xo
youtube 4m2Kx3ffJUQ
youtube -N6IM5Nm5iw
youtube oGscVtrdER0
youtube jEfofyobGiI
youtube JdSUHkXM1mQ
youtube Sc9HApnyBLM
youtube MQ7PDi-D9Ig
youtube 7rXwaxlEkbQ
youtube zIkjd1OjCXM
youtube VnXBJqKwkrw
youtube 6SdPPsmpgJg
youtube K0pgJ7XAlpo
youtube fhq9WVeiE_U
youtube OuFvfZJKcpc
youtube vWvYe1a-2Aw
youtube Rf1tFWQg51Y
youtube VR5Fncdc2kQ
youtube L03Yk1SHRNM
youtube Vs1YyXgLpTE
youtube cjWxC2jQVrA
youtube _b3KRS-Yx_s
youtube g-tBn8dsSqw
youtube __7iEl3lH8g
youtube kbFfT0pKchI
youtube 7_ZmZxnSOnE
youtube rEawe_1Fqf0
youtube TsiYLGGSJ2U
youtube IIJySSo276k
youtube EyagC0T7mR4
youtube G9H9q7BYqEA
youtube QwLvq9j5_hQ
youtube CyTI00SIrLE
youtube LgJ7ww2AgF4
youtube mAlc-N2wn5s
youtube NMwMwqMQpf4
youtube zNIVqKqAlnk
youtube XaLsZFLrMnI
youtube 0FYq5MBdHw4
youtube zSFhhEaiYwE
youtube 5PJRCC6EwUY
youtube bYsV3ozbk4M
youtube 8lQv8eMJ868
youtube -JWO_jYXwEM
youtube PdCAjFW04Oc
youtube KaIp6KVn-co
youtube pwebM3TfSdg
youtube QBCEmZ4Jheo
youtube fS8V3kYXT6w
youtube eqTFinLk3oU
youtube OcylgiXkDP8
youtube YFv6Ln00XjA
youtube nYPGQiDL5bw
youtube HoBx6s3JmVQ
youtube 8BZMo41DjlY
youtube tlks18ND8i8
youtube cbSmBrhNACg
youtube pmKjZzypzvg
youtube vV1APhjBt9M
youtube SOAL0GODN3M
youtube PzA78zWtqCU
youtube d_uDHds2XGQ
youtube KMx4bmq8o2Y
